<?xml version="1.0" encoding="UTF-8"?>
<testng-results skipped="0" failed="0" ignored="0" total="1" passed="1">
  <reporter-output>
  </reporter-output>
  <suite name="Default suite" duration-ms="79929" started-at="2021-03-02T23:07:58 CST" finished-at="2021-03-02T23:09:18 CST">
    <groups>
      <group name="cucumber">
        <method signature="AbstractTestNGCucumberTests.feature(cucumber.api.testng.CucumberFeatureWrapper)[pri:0, instance:runners.MainRunner@12cdcf4]" name="feature" class="cucumber.api.testng.AbstractTestNGCucumberTests"/>
      </group> <!-- cucumber -->
    </groups>
    <test name="Default test" duration-ms="79929" started-at="2021-03-02T23:07:58 CST" finished-at="2021-03-02T23:09:18 CST">
      <class name="runners.MainRunner">
        <test-method status="PASS" signature="setUpClass()[pri:0, instance:runners.MainRunner@12cdcf4]" name="setUpClass" is-config="true" duration-ms="1144" started-at="2021-03-02T23:07:58 CST" finished-at="2021-03-02T23:07:59 CST">
          <reporter-output>
          </reporter-output>
        </test-method> <!-- setUpClass -->
        <test-method status="PASS" signature="feature(cucumber.api.testng.CucumberFeatureWrapper)[pri:0, instance:runners.MainRunner@12cdcf4]" name="feature" duration-ms="76497" started-at="2021-03-02T23:08:00 CST" description="Runs Cucumber Feature" data-provider="features" finished-at="2021-03-02T23:09:16 CST">
          <params>
            <param index="0">
              <value>
                <![CDATA[Sign In]]>
              </value>
            </param>
          </params>
          <reporter-output>
          </reporter-output>
        </test-method> <!-- feature -->
        <test-method status="PASS" signature="writeExtentReport()[pri:0, instance:runners.MainRunner@12cdcf4]" name="writeExtentReport" is-config="true" duration-ms="41" started-at="2021-03-02T23:09:16 CST" finished-at="2021-03-02T23:09:16 CST">
          <reporter-output>
          </reporter-output>
        </test-method> <!-- writeExtentReport -->
        <test-method status="PASS" signature="tearDownClass()[pri:0, instance:runners.MainRunner@12cdcf4]" name="tearDownClass" is-config="true" duration-ms="1773" started-at="2021-03-02T23:09:16 CST" finished-at="2021-03-02T23:09:18 CST">
          <reporter-output>
          </reporter-output>
        </test-method> <!-- tearDownClass -->
      </class> <!-- runners.MainRunner -->
    </test> <!-- Default test -->
  </suite> <!-- Default suite -->
</testng-results>
